TN:
SF:C:\Users\DELL\Desktop\AngularPRoject\CmatchWebApplicationDemo\src\polyfills.ts
FNF:0
FNH:0
LF:0
LH:0
BRF:0
BRH:0
end_of_record
TN:
SF:C:\Users\DELL\Desktop\AngularPRoject\CmatchWebApplicationDemo\src\test.ts
FNF:0
FNH:0
DA:13,1
DA:18,1
DA:20,1
LF:3
LH:3
BRF:0
BRH:0
end_of_record
TN:
SF:C:\Users\DELL\Desktop\AngularPRoject\CmatchWebApplicationDemo\src\app\app.component.ts
FN:10,(anonymous_0)
FN:12,AppComponent
FN:14,(anonymous_2)
FN:16,(anonymous_3)
FNF:4
FNH:1
FNDA:1,(anonymous_0)
FNDA:0,AppComponent
FNDA:0,(anonymous_2)
FNDA:0,(anonymous_3)
DA:10,1
DA:12,0
DA:14,1
DA:15,0
DA:16,0
DA:18,0
DA:19,1
LF:7
LH:3
BRF:0
BRH:0
end_of_record
TN:
SF:C:\Users\DELL\Desktop\AngularPRoject\CmatchWebApplicationDemo\src\app\newmatch-details.service.ts
FN:8,(anonymous_0)
FN:10,NewmatchDetailsService
FN:13,(anonymous_2)
FNF:3
FNH:1
FNDA:1,(anonymous_0)
FNDA:0,NewmatchDetailsService
FNDA:0,(anonymous_2)
DA:8,1
DA:10,0
DA:13,1
DA:14,0
DA:18,1
LF:5
LH:3
BRF:0
BRH:0
end_of_record
TN:
SF:C:\Users\DELL\Desktop\AngularPRoject\CmatchWebApplicationDemo\src\app\oldmatch.service.ts
FN:9,(anonymous_0)
FN:11,OldmatchService
FN:14,(anonymous_2)
FN:19,(anonymous_3)
FN:22,(anonymous_4)
FN:25,(anonymous_5)
FNF:6
FNH:1
FNDA:1,(anonymous_0)
FNDA:0,OldmatchService
FNDA:0,(anonymous_2)
FNDA:0,(anonymous_3)
FNDA:0,(anonymous_4)
FNDA:0,(anonymous_5)
DA:9,1
DA:11,0
DA:14,1
DA:16,0
DA:19,1
DA:20,0
DA:22,1
DA:23,0
DA:25,1
DA:26,0
DA:28,1
LF:11
LH:6
BRF:0
BRH:0
end_of_record
TN:
SF:C:\Users\DELL\Desktop\AngularPRoject\CmatchWebApplicationDemo\src\app\cardstab\cardstab.component.ts
FN:10,(anonymous_0)
FN:12,CardstabComponent
FN:15,(anonymous_2)
FN:17,(anonymous_3)
FN:20,(anonymous_4)
FNF:5
FNH:1
FNDA:1,(anonymous_0)
FNDA:0,CardstabComponent
FNDA:0,(anonymous_2)
FNDA:0,(anonymous_3)
FNDA:0,(anonymous_4)
DA:10,1
DA:12,0
DA:15,1
DA:16,0
DA:18,0
DA:28,1
LF:6
LH:3
BRF:0
BRH:0
end_of_record
TN:
SF:C:\Users\DELL\Desktop\AngularPRoject\CmatchWebApplicationDemo\src\app\footer\footer.component.ts
FN:8,(anonymous_0)
FN:10,FooterComponent
FN:12,(anonymous_2)
FNF:3
FNH:1
FNDA:1,(anonymous_0)
FNDA:0,FooterComponent
FNDA:0,(anonymous_2)
DA:8,1
DA:12,1
DA:15,1
LF:3
LH:3
BRF:0
BRH:0
end_of_record
TN:
SF:C:\Users\DELL\Desktop\AngularPRoject\CmatchWebApplicationDemo\src\app\header\header.component.ts
FN:8,(anonymous_0)
FN:10,HeaderComponent
FN:12,(anonymous_2)
FNF:3
FNH:1
FNDA:1,(anonymous_0)
FNDA:0,HeaderComponent
FNDA:0,(anonymous_2)
DA:8,1
DA:12,1
DA:15,1
LF:3
LH:3
BRF:0
BRH:0
end_of_record
TN:
SF:C:\Users\DELL\Desktop\AngularPRoject\CmatchWebApplicationDemo\src\app\home\home.component.ts
FN:8,(anonymous_0)
FN:10,HomeComponent
FN:12,(anonymous_2)
FNF:3
FNH:1
FNDA:1,(anonymous_0)
FNDA:0,HomeComponent
FNDA:0,(anonymous_2)
DA:8,1
DA:12,1
DA:15,1
LF:3
LH:3
BRF:0
BRH:0
end_of_record
TN:
SF:C:\Users\DELL\Desktop\AngularPRoject\CmatchWebApplicationDemo\src\app\login\login.component.ts
FN:10,(anonymous_0)
FN:13,LoginComponent
FN:15,(anonymous_2)
FN:34,(anonymous_3)
FNF:4
FNH:1
FNDA:1,(anonymous_0)
FNDA:0,LoginComponent
FNDA:0,(anonymous_2)
FNDA:0,(anonymous_3)
DA:10,1
DA:13,0
DA:14,0
DA:15,1
DA:18,0
DA:23,0
DA:34,1
DA:35,0
DA:40,1
LF:9
LH:4
BRF:0
BRH:0
end_of_record
TN:
SF:C:\Users\DELL\Desktop\AngularPRoject\CmatchWebApplicationDemo\src\app\newmatchcard\newmatchcard.component.ts
FN:11,(anonymous_0)
FN:13,NewmatchcardComponent
FN:20,(anonymous_2)
FN:22,(anonymous_3)
FN:25,(anonymous_4)
FNF:5
FNH:1
FNDA:1,(anonymous_0)
FNDA:0,NewmatchcardComponent
FNDA:0,(anonymous_2)
FNDA:0,(anonymous_3)
FNDA:0,(anonymous_4)
DA:11,1
DA:13,0
DA:18,0
DA:19,0
DA:20,1
DA:21,0
DA:23,0
DA:38,1
LF:8
LH:3
BRF:0
BRH:0
end_of_record
TN:
SF:C:\Users\DELL\Desktop\AngularPRoject\CmatchWebApplicationDemo\src\app\oldmatch\oldmatch.component.ts
FN:10,(anonymous_0)
FN:13,OldmatchComponent
FN:20,(anonymous_2)
FN:22,(anonymous_3)
FN:27,(anonymous_4)
FN:35,(anonymous_5)
FN:40,(anonymous_6)
FN:43,(anonymous_7)
FN:52,(anonymous_8)
FN:61,(anonymous_9)
FN:64,(anonymous_10)
FNF:11
FNH:1
FNDA:1,(anonymous_0)
FNDA:0,OldmatchComponent
FNDA:0,(anonymous_2)
FNDA:0,(anonymous_3)
FNDA:0,(anonymous_4)
FNDA:0,(anonymous_5)
FNDA:0,(anonymous_6)
FNDA:0,(anonymous_7)
FNDA:0,(anonymous_8)
FNDA:0,(anonymous_9)
FNDA:0,(anonymous_10)
DA:10,1
DA:11,0
DA:12,0
DA:13,0
DA:18,0
DA:19,0
DA:20,1
DA:21,0
DA:23,0
DA:24,0
DA:35,1
DA:36,0
DA:39,0
DA:41,0
DA:44,0
DA:47,0
DA:48,0
DA:51,0
DA:53,0
DA:54,0
DA:56,0
DA:57,0
DA:59,0
DA:60,0
DA:62,0
DA:65,0
DA:71,0
DA:72,0
DA:77,1
LF:29
LH:4
BRDA:36,0,0,0
BRDA:36,0,1,0
BRDA:57,1,0,0
BRDA:57,1,1,0
BRF:4
BRH:0
end_of_record
TN:
SF:C:\Users\DELL\Desktop\AngularPRoject\CmatchWebApplicationDemo\src\app\register\register.component.ts
FN:8,(anonymous_0)
FN:10,ImagSnippet
FN:18,(anonymous_2)
FN:21,RegisterComponent
FN:26,(anonymous_4)
FN:41,(anonymous_5)
FN:60,(anonymous_6)
FN:77,(anonymous_7)
FN:82,(anonymous_8)
FNF:9
FNH:5
FNDA:1,(anonymous_0)
FNDA:0,ImagSnippet
FNDA:1,(anonymous_2)
FNDA:10,RegisterComponent
FNDA:10,(anonymous_4)
FNDA:0,(anonymous_5)
FNDA:1,(anonymous_6)
FNDA:0,(anonymous_7)
FNDA:0,(anonymous_8)
DA:8,1
DA:10,0
DA:11,1
DA:18,1
DA:21,10
DA:26,1
DA:30,10
DA:41,1
DA:43,0
DA:45,0
DA:46,0
DA:50,0
DA:53,0
DA:60,1
DA:62,1
DA:64,0
DA:65,0
DA:68,1
DA:70,1
DA:71,1
DA:72,1
DA:74,1
DA:76,1
DA:78,0
DA:88,1
LF:25
LH:16
BRDA:43,0,0,0
BRDA:43,0,1,0
BRDA:62,1,0,0
BRDA:62,1,1,1
BRF:4
BRH:1
end_of_record
TN:
SF:C:\Users\DELL\Desktop\AngularPRoject\CmatchWebApplicationDemo\src\app\register\register.service.ts
FN:10,(anonymous_0)
FN:12,RegisterService
FN:15,(anonymous_2)
FNF:3
FNH:2
FNDA:1,(anonymous_0)
FNDA:10,RegisterService
FNDA:0,(anonymous_2)
DA:10,1
DA:12,10
DA:15,1
DA:16,0
DA:19,0
DA:22,1
LF:6
LH:4
BRF:0
BRH:0
end_of_record
